-------------------------------------------------------------------------------
Test set: com.jruanogalvez.excelapi.test.MainTest
-------------------------------------------------------------------------------
Tests run: 4, Failures: 1, Errors: 0, Skipped: 0, Time elapsed: 0.461 sec <<< FAILURE! - in com.jruanogalvez.excelapi.test.MainTest
testAllTransform  Time elapsed: 0.017 sec  <<< FAILURE!
java.lang.NullPointerException
	at com.jruanogalvez.excelapi.test.MainTest.testAllTransform(MainTest.java:69)

